<?xml version="1.0" encoding="UTF-8"?>
<testng-results skipped="0" failed="0" ignored="0" total="2" passed="2">
  <reporter-output>
  </reporter-output>
  <suite name="Default suite" duration-ms="51162" started-at="2021-09-14T22:26:22 CDT" finished-at="2021-09-14T22:27:14 CDT">
    <groups>
    </groups>
    <test name="Default test" duration-ms="51162" started-at="2021-09-14T22:26:22 CDT" finished-at="2021-09-14T22:27:14 CDT">
      <class name="tests.Tests">
        <test-method status="PASS" signature="setUp()[pri:0, instance:tests.Tests@15d0c81b]" name="setUp" is-config="true" duration-ms="16072" started-at="2021-09-14T22:26:23 CDT" finished-at="2021-09-14T22:26:39 CDT">
          <reporter-output>
          </reporter-output>
        </test-method> <!-- setUp -->
        <test-method status="PASS" signature="testOne()[pri:0, instance:tests.Tests@15d0c81b]" name="testOne" duration-ms="8103" started-at="2021-09-14T22:26:39 CDT" finished-at="2021-09-14T22:26:47 CDT">
          <reporter-output>
          </reporter-output>
        </test-method> <!-- testOne -->
        <test-method status="PASS" signature="tearDown()[pri:0, instance:tests.Tests@15d0c81b]" name="tearDown" is-config="true" duration-ms="334" started-at="2021-09-14T22:26:47 CDT" finished-at="2021-09-14T22:26:47 CDT">
          <reporter-output>
          </reporter-output>
        </test-method> <!-- tearDown -->
        <test-method status="PASS" signature="setUp()[pri:0, instance:tests.Tests@15d0c81b]" name="setUp" is-config="true" duration-ms="16758" started-at="2021-09-14T22:26:47 CDT" finished-at="2021-09-14T22:27:04 CDT">
          <reporter-output>
          </reporter-output>
        </test-method> <!-- setUp -->
        <test-method status="PASS" signature="testTwo()[pri:0, instance:tests.Tests@15d0c81b]" name="testTwo" duration-ms="7209" started-at="2021-09-14T22:27:04 CDT" finished-at="2021-09-14T22:27:11 CDT">
          <reporter-output>
          </reporter-output>
        </test-method> <!-- testTwo -->
        <test-method status="PASS" signature="tearDown()[pri:0, instance:tests.Tests@15d0c81b]" name="tearDown" is-config="true" duration-ms="2636" started-at="2021-09-14T22:27:11 CDT" finished-at="2021-09-14T22:27:14 CDT">
          <reporter-output>
          </reporter-output>
        </test-method> <!-- tearDown -->
      </class> <!-- tests.Tests -->
    </test> <!-- Default test -->
  </suite> <!-- Default suite -->
</testng-results>
